<!DOCTYPE html>
<!--
 | Generated by Apache Maven Doxia Site Renderer 1.11.1 at 2025-11-05

 | Rendered using Apache Maven Default Skin
-->
<html xmlns="http://www.w3.org/1999/xhtml" xml:lang="en" lang="en">
  <head>
    <meta charset="UTF-8" />
    <meta name="viewport" content="width=device-width, initial-scale=1.0" />
    <meta name="generator" content="Apache Maven Doxia Site Renderer 1.11.1" />
    <title>Surefire Report</title>
    <link rel="stylesheet" href="./css/maven-base.css" />
    <link rel="stylesheet" href="./css/maven-theme.css" />
    <link rel="stylesheet" href="./css/site.css" />
    <link rel="stylesheet" href="./css/print.css" media="print" />
  </head>
  <body class="composite">
    <div id="banner">
      <div class="clear">
        <hr/>
      </div>
    </div>
    <div id="breadcrumbs">
      <div class="xleft">
        <span id="publishDate">Last Published: 2025-11-05</span>
           | <span id="projectVersion">Version: 1.0-SNAPSHOT</span>
      </div>
      <div class="xright">      </div>
      <div class="clear">
        <hr/>
      </div>
    </div>
    <div id="leftColumn">
      <div id="navcolumn">
      <a href="http://maven.apache.org/" title="Built by Maven" class="poweredBy">
        <img class="poweredBy" alt="Built by Maven" src="./images/logos/maven-feather.png" />
      </a>
      </div>
    </div>
    <div id="bodyColumn">
      <div id="contentBox">
<script type="application/javascript">
//<![CDATA[
function toggleDisplay(elementId) {
 var elm = document.getElementById(elementId + '-error');
 if (elm == null) {
  elm = document.getElementById(elementId + '-failure');
 }
 if (elm && typeof elm.style != "undefined") {
  if (elm.style.display == "none") {
   elm.style.display = "";
   document.getElementById(elementId + '-off').style.display = "none";
   document.getElementById(elementId + '-on').style.display = "inline";
  } else if (elm.style.display == "") {   elm.style.display = "none";
   document.getElementById(elementId + '-off').style.display = "inline";
   document.getElementById(elementId + '-on').style.display = "none";
  } 
 } 
 }
//]]>
</script><section>
<h2><a name="Surefire_Report"></a>Surefire Report</h2></section><section>
<h2><a name="Summary"></a>Summary</h2><a name="Summary"></a>
<p>[<a href="#Summary">Summary</a>] [<a href="#Package_List">Package List</a>] [<a href="#Test_Cases">Test Cases</a>]</p><br />
<table border="1" class="bodyTable">
<tr class="a">
<th>Tests</th>
<th>Errors</th>
<th>Failures</th>
<th>Skipped</th>
<th>Success Rate</th>
<th>Time</th></tr>
<tr class="b">
<td align="left">15</td>
<td align="left">4</td>
<td align="left">0</td>
<td align="left">0</td>
<td align="left">73.333%</td>
<td align="left">369.721</td></tr></table><br />
<p>Note: failures are anticipated and checked for with assertions while errors are unanticipated.</p><br /></section><section>
<h2><a name="Package_List"></a>Package List</h2><a name="Package_List"></a>
<p>[<a href="#Summary">Summary</a>] [<a href="#Package_List">Package List</a>] [<a href="#Test_Cases">Test Cases</a>]</p><br />
<table border="1" class="bodyTable">
<tr class="a">
<th>Package</th>
<th>Tests</th>
<th>Errors</th>
<th>Failures</th>
<th>Skipped</th>
<th>Success Rate</th>
<th>Time</th></tr>
<tr class="b">
<td align="left"><a href="#com.vaadin.testbenchexample">com.vaadin.testbenchexample</a></td>
<td align="left">15</td>
<td align="left">4</td>
<td align="left">0</td>
<td align="left">0</td>
<td align="left">73.333%</td>
<td align="left">369.721</td></tr></table><br />
<p>Note: package statistics are not computed recursively, they only sum up all of its testsuites numbers.</p><section>
<h3><a name="com.vaadin.testbenchexample"></a>com.vaadin.testbenchexample</h3><a name="com.vaadin.testbenchexample"></a>
<table border="1" class="bodyTable">
<tr class="a">
<th></th>
<th>Class</th>
<th>Tests</th>
<th>Errors</th>
<th>Failures</th>
<th>Skipped</th>
<th>Success Rate</th>
<th>Time</th></tr>
<tr class="b">
<td align="left"><a href="#com.vaadin.testbenchexample.AddFamilyIT"><figure><img src="images/icon_error_sml.gif" alt="" /></figure></a></td>
<td align="left"><a href="#com.vaadin.testbenchexample.AddFamilyIT">AddFamilyIT</a></td>
<td align="left">9</td>
<td align="left">1</td>
<td align="left">0</td>
<td align="left">0</td>
<td align="left">88.889%</td>
<td align="left">224.562</td></tr>
<tr class="a">
<td align="left"><a href="#com.vaadin.testbenchexample.AddNewBusinessFpraIT"><figure><img src="images/icon_error_sml.gif" alt="" /></figure></a></td>
<td align="left"><a href="#com.vaadin.testbenchexample.AddNewBusinessFpraIT">AddNewBusinessFpraIT</a></td>
<td align="left">1</td>
<td align="left">1</td>
<td align="left">0</td>
<td align="left">0</td>
<td align="left">0%</td>
<td align="left">26.031</td></tr>
<tr class="b">
<td align="left"><a href="#com.vaadin.testbenchexample.AddNewBusinessSpdaIT"><figure><img src="images/icon_error_sml.gif" alt="" /></figure></a></td>
<td align="left"><a href="#com.vaadin.testbenchexample.AddNewBusinessSpdaIT">AddNewBusinessSpdaIT</a></td>
<td align="left">1</td>
<td align="left">1</td>
<td align="left">0</td>
<td align="left">0</td>
<td align="left">0%</td>
<td align="left">19.1</td></tr>
<tr class="a">
<td align="left"><a href="#com.vaadin.testbenchexample.AddNewBusinessSpiaIT"><figure><img src="images/icon_error_sml.gif" alt="" /></figure></a></td>
<td align="left"><a href="#com.vaadin.testbenchexample.AddNewBusinessSpiaIT">AddNewBusinessSpiaIT</a></td>
<td align="left">1</td>
<td align="left">1</td>
<td align="left">0</td>
<td align="left">0</td>
<td align="left">0%</td>
<td align="left">24.381</td></tr>
<tr class="b">
<td align="left"><a href="#com.vaadin.testbenchexample.PolicyBillIT"><figure><img src="images/icon_success_sml.gif" alt="" /></figure></a></td>
<td align="left"><a href="#com.vaadin.testbenchexample.PolicyBillIT">PolicyBillIT</a></td>
<td align="left">2</td>
<td align="left">0</td>
<td align="left">0</td>
<td align="left">0</td>
<td align="left">100%</td>
<td align="left">50.281</td></tr>
<tr class="a">
<td align="left"><a href="#com.vaadin.testbenchexample.WholeLifeIT"><figure><img src="images/icon_success_sml.gif" alt="" /></figure></a></td>
<td align="left"><a href="#com.vaadin.testbenchexample.WholeLifeIT">WholeLifeIT</a></td>
<td align="left">1</td>
<td align="left">0</td>
<td align="left">0</td>
<td align="left">0</td>
<td align="left">100%</td>
<td align="left">25.366</td></tr></table></section><br /></section><section>
<h2><a name="Test_Cases"></a>Test Cases</h2><a name="Test_Cases"></a>
<p>[<a href="#Summary">Summary</a>] [<a href="#Package_List">Package List</a>] [<a href="#Test_Cases">Test Cases</a>]</p><section>
<h3><a name="AddFamilyIT"></a>AddFamilyIT</h3><a name="com.vaadin.testbenchexample.AddFamilyIT"></a>
<table border="1" class="bodyTable">
<tr class="a">
<td align="left"><figure><img src="images/icon_success_sml.gif" alt="" /></figure></td>
<td align="left"><a name="TC_com.vaadin.testbenchexample.AddFamilyIT.addBank"></a>addBank</td>
<td align="left">16.145</td></tr>
<tr class="b">
<td align="left"><figure><img src="images/icon_success_sml.gif" alt="" /></figure></td>
<td align="left"><a name="TC_com.vaadin.testbenchexample.AddFamilyIT.addFamily"></a>addFamily</td>
<td align="left">7.7</td></tr>
<tr class="a">
<td align="left"><figure><img src="images/icon_success_sml.gif" alt="" /></figure></td>
<td align="left"><a name="TC_com.vaadin.testbenchexample.AddFamilyIT.addOtherRoles"></a>addOtherRoles</td>
<td align="left">45.115</td></tr>
<tr class="b">
<td align="left"><figure><img src="images/icon_success_sml.gif" alt="" /></figure></td>
<td align="left"><a name="TC_com.vaadin.testbenchexample.AddFamilyIT.addSpouse"></a>addSpouse</td>
<td align="left">16.056</td></tr>
<tr class="a">
<td align="left"><figure><img src="images/icon_success_sml.gif" alt="" /></figure></td>
<td align="left"><a name="TC_com.vaadin.testbenchexample.AddFamilyIT.addBeneficiary"></a>addBeneficiary</td>
<td align="left">37.509</td></tr>
<tr class="b">
<td align="left"><figure><img src="images/icon_success_sml.gif" alt="" /></figure></td>
<td align="left"><a name="TC_com.vaadin.testbenchexample.AddFamilyIT.addNewOwner"></a>addNewOwner</td>
<td align="left">32.524</td></tr>
<tr class="a">
<td align="left"><figure><img src="images/icon_success_sml.gif" alt="" /></figure></td>
<td align="left"><a name="TC_com.vaadin.testbenchexample.AddFamilyIT.editAddress"></a>editAddress</td>
<td align="left">16.859</td></tr>
<tr class="b">
<td align="left"><figure><img src="images/icon_success_sml.gif" alt="" /></figure></td>
<td align="left"><a name="TC_com.vaadin.testbenchexample.AddFamilyIT.familyAddress"></a>familyAddress</td>
<td align="left">30.594</td></tr>
<tr class="a">
<td align="left"><a href="#com.vaadin.testbenchexample.AddFamilyIT.leftMenuTest"><figure><img src="images/icon_error_sml.gif" alt="" /></figure></a></td>
<td align="left"><a name="TC_com.vaadin.testbenchexample.AddFamilyIT.leftMenuTest"></a><a href="#com.vaadin.testbenchexample.AddFamilyIT.leftMenuTest">leftMenuTest</a>
<div class="detailToggle" style="display:inline"><a href="javascript:toggleDisplay('com.vaadin.testbenchexample.AddFamilyIT.leftMenuTest');"><span style="display:inline;" id="com.vaadin.testbenchexample.AddFamilyIT.leftMenuTest-off"> + </span><span style="display:none;" id="com.vaadin.testbenchexample.AddFamilyIT.leftMenuTest-on"> - </span>[ Detail ]</a></div></td>
<td align="left">22.041</td></tr>
<tr class="b">
<td align="left"></td>
<td align="left">No element with tag &lt;scenario-view&gt; found using index 0
For documentation on this error, please visit: https://www.selenium.dev/documentation/webdriver/troubleshooting/errors#no-such-element-exception
Build info: version: '4.18.0', revision: 'b6bf9de7cc*'
System info: os.name: 'Windows 11', os.arch: 'amd64', os.version: '10.0', java.version: '17.0.10'
Driver info: driver.version: unknown</td>
<td align="left"></td></tr>
<tr class="a">
<td align="left"></td>
<td align="left">
<div id="com.vaadin.testbenchexample.AddFamilyIT.leftMenuTest-error" style="display:none;">
<div>
<pre>org.openqa.selenium.NoSuchElementException: 
No element with tag &lt;scenario-view&gt; found using index 0
For documentation on this error, please visit: https://www.selenium.dev/documentation/webdriver/troubleshooting/errors#no-such-element-exception
Build info: version: '4.18.0', revision: 'b6bf9de7cc*'
System info: os.name: 'Windows 11', os.arch: 'amd64', os.version: '10.0', java.version: '17.0.10'
Driver info: driver.version: unknown
	at com.vaadin.testbench.ElementQuery.get(ElementQuery.java:324)
	at com.vaadin.testbench.ElementQuery.first(ElementQuery.java:244)
	at com.vaadin.testbenchexample.AddFamilyIT.leftMenuTest(AddFamilyIT.java:418)
	at java.base/jdk.internal.reflect.NativeMethodAccessorImpl.invoke0(Native Method)
	at java.base/jdk.internal.reflect.NativeMethodAccessorImpl.invoke(NativeMethodAccessorImpl.java:77)
	at java.base/jdk.internal.reflect.DelegatingMethodAccessorImpl.invoke(DelegatingMethodAccessorImpl.java:43)
	at java.base/java.lang.reflect.Method.invoke(Method.java:568)
	at org.junit.runners.model.FrameworkMethod$1.runReflectiveCall(FrameworkMethod.java:59)
	at org.junit.internal.runners.model.ReflectiveCallable.run(ReflectiveCallable.java:12)
	at org.junit.runners.model.FrameworkMethod.invokeExplosively(FrameworkMethod.java:56)
	at org.junit.internal.runners.statements.InvokeMethod.evaluate(InvokeMethod.java:17)
	at org.junit.internal.runners.statements.RunBefores.evaluate(RunBefores.java:26)
	at org.junit.internal.runners.statements.RunAfters.evaluate(RunAfters.java:27)
	at org.junit.runners.ParentRunner$3.evaluate(ParentRunner.java:306)
	at org.junit.runners.BlockJUnit4ClassRunner$1.evaluate(BlockJUnit4ClassRunner.java:100)
	at org.junit.runners.ParentRunner.runLeaf(ParentRunner.java:366)
	at org.junit.runners.BlockJUnit4ClassRunner.runChild(BlockJUnit4ClassRunner.java:103)
	at org.junit.runners.BlockJUnit4ClassRunner.runChild(BlockJUnit4ClassRunner.java:63)
	at org.junit.runners.ParentRunner$4.run(ParentRunner.java:331)
	at org.junit.runners.ParentRunner$1.schedule(ParentRunner.java:79)
	at org.junit.runners.ParentRunner.runChildren(ParentRunner.java:329)
	at org.junit.runners.ParentRunner.access$100(ParentRunner.java:66)
	at org.junit.runners.ParentRunner$2.evaluate(ParentRunner.java:293)
	at org.junit.runners.ParentRunner$3.evaluate(ParentRunner.java:306)
	at org.junit.runners.ParentRunner.run(ParentRunner.java:413)
	at org.junit.runner.JUnitCore.run(JUnitCore.java:137)
	at org.junit.runner.JUnitCore.run(JUnitCore.java:115)
	at org.junit.vintage.engine.execution.RunnerExecutor.execute(RunnerExecutor.java:42)
	at org.junit.vintage.engine.VintageTestEngine.executeAllChildren(VintageTestEngine.java:80)
	at org.junit.vintage.engine.VintageTestEngine.execute(VintageTestEngine.java:72)
	at org.junit.platform.launcher.core.EngineExecutionOrchestrator.execute(EngineExecutionOrchestrator.java:147)
	at org.junit.platform.launcher.core.EngineExecutionOrchestrator.execute(EngineExecutionOrchestrator.java:127)
	at org.junit.platform.launcher.core.EngineExecutionOrchestrator.execute(EngineExecutionOrchestrator.java:90)
	at org.junit.platform.launcher.core.EngineExecutionOrchestrator.lambda$execute$0(EngineExecutionOrchestrator.java:55)
	at org.junit.platform.launcher.core.EngineExecutionOrchestrator.withInterceptedStreams(EngineExecutionOrchestrator.java:102)
	at org.junit.platform.launcher.core.EngineExecutionOrchestrator.execute(EngineExecutionOrchestrator.java:54)
	at org.junit.platform.launcher.core.DefaultLauncher.execute(DefaultLauncher.java:114)
	at org.junit.platform.launcher.core.DefaultLauncher.execute(DefaultLauncher.java:86)
	at org.junit.platform.launcher.core.DefaultLauncherSession$DelegatingLauncher.execute(DefaultLauncherSession.java:86)
	at org.apache.maven.surefire.junitplatform.LazyLauncher.execute(LazyLauncher.java:55)
	at org.apache.maven.surefire.junitplatform.JUnitPlatformProvider.execute(JUnitPlatformProvider.java:223)
	at org.apache.maven.surefire.junitplatform.JUnitPlatformProvider.invokeAllTests(JUnitPlatformProvider.java:175)
	at org.apache.maven.surefire.junitplatform.JUnitPlatformProvider.invoke(JUnitPlatformProvider.java:139)
	at org.apache.maven.surefire.booter.ForkedBooter.runSuitesInProcess(ForkedBooter.java:456)
	at org.apache.maven.surefire.booter.ForkedBooter.execute(ForkedBooter.java:169)
	at org.apache.maven.surefire.booter.ForkedBooter.run(ForkedBooter.java:595)
	at org.apache.maven.surefire.booter.ForkedBooter.main(ForkedBooter.java:581)
</pre></div></div></td>
<td align="left"></td></tr></table></section><section>
<h3><a name="AddNewBusinessFpraIT"></a>AddNewBusinessFpraIT</h3><a name="com.vaadin.testbenchexample.AddNewBusinessFpraIT"></a>
<table border="1" class="bodyTable">
<tr class="a">
<td align="left"><a href="#com.vaadin.testbenchexample.AddNewBusinessFpraIT.addNewBusinessMaster"><figure><img src="images/icon_error_sml.gif" alt="" /></figure></a></td>
<td align="left"><a name="TC_com.vaadin.testbenchexample.AddNewBusinessFpraIT.addNewBusinessMaster"></a><a href="#com.vaadin.testbenchexample.AddNewBusinessFpraIT.addNewBusinessMaster">addNewBusinessMaster</a>
<div class="detailToggle" style="display:inline"><a href="javascript:toggleDisplay('com.vaadin.testbenchexample.AddNewBusinessFpraIT.addNewBusinessMaster');"><span style="display:inline;" id="com.vaadin.testbenchexample.AddNewBusinessFpraIT.addNewBusinessMaster-off"> + </span><span style="display:none;" id="com.vaadin.testbenchexample.AddNewBusinessFpraIT.addNewBusinessMaster-on"> - </span>[ Detail ]</a></div></td>
<td align="left">26.03</td></tr>
<tr class="b">
<td align="left"></td>
<td align="left">No element with tag &lt;application-view&gt; found using index 0
For documentation on this error, please visit: https://www.selenium.dev/documentation/webdriver/troubleshooting/errors#no-such-element-exception
Build info: version: '4.18.0', revision: 'b6bf9de7cc*'
System info: os.name: 'Windows 11', os.arch: 'amd64', os.version: '10.0', java.version: '17.0.10'
Driver info: driver.version: unknown</td>
<td align="left"></td></tr>
<tr class="a">
<td align="left"></td>
<td align="left">
<div id="com.vaadin.testbenchexample.AddNewBusinessFpraIT.addNewBusinessMaster-error" style="display:none;">
<div>
<pre>org.openqa.selenium.NoSuchElementException: 
No element with tag &lt;application-view&gt; found using index 0
For documentation on this error, please visit: https://www.selenium.dev/documentation/webdriver/troubleshooting/errors#no-such-element-exception
Build info: version: '4.18.0', revision: 'b6bf9de7cc*'
System info: os.name: 'Windows 11', os.arch: 'amd64', os.version: '10.0', java.version: '17.0.10'
Driver info: driver.version: unknown
	at com.vaadin.testbench.ElementQuery.get(ElementQuery.java:324)
	at com.vaadin.testbench.ElementQuery.first(ElementQuery.java:244)
	at com.vaadin.testbenchexample.AddNewBusinessFpraIT.addNewBusinessMaster(AddNewBusinessFpraIT.java:359)
	at java.base/jdk.internal.reflect.NativeMethodAccessorImpl.invoke0(Native Method)
	at java.base/jdk.internal.reflect.NativeMethodAccessorImpl.invoke(NativeMethodAccessorImpl.java:77)
	at java.base/jdk.internal.reflect.DelegatingMethodAccessorImpl.invoke(DelegatingMethodAccessorImpl.java:43)
	at java.base/java.lang.reflect.Method.invoke(Method.java:568)
	at org.junit.runners.model.FrameworkMethod$1.runReflectiveCall(FrameworkMethod.java:59)
	at org.junit.internal.runners.model.ReflectiveCallable.run(ReflectiveCallable.java:12)
	at org.junit.runners.model.FrameworkMethod.invokeExplosively(FrameworkMethod.java:56)
	at org.junit.internal.runners.statements.InvokeMethod.evaluate(InvokeMethod.java:17)
	at org.junit.internal.runners.statements.RunBefores.evaluate(RunBefores.java:26)
	at org.junit.internal.runners.statements.RunAfters.evaluate(RunAfters.java:27)
	at org.junit.runners.ParentRunner$3.evaluate(ParentRunner.java:306)
	at org.junit.runners.BlockJUnit4ClassRunner$1.evaluate(BlockJUnit4ClassRunner.java:100)
	at org.junit.runners.ParentRunner.runLeaf(ParentRunner.java:366)
	at org.junit.runners.BlockJUnit4ClassRunner.runChild(BlockJUnit4ClassRunner.java:103)
	at org.junit.runners.BlockJUnit4ClassRunner.runChild(BlockJUnit4ClassRunner.java:63)
	at org.junit.runners.ParentRunner$4.run(ParentRunner.java:331)
	at org.junit.runners.ParentRunner$1.schedule(ParentRunner.java:79)
	at org.junit.runners.ParentRunner.runChildren(ParentRunner.java:329)
	at org.junit.runners.ParentRunner.access$100(ParentRunner.java:66)
	at org.junit.runners.ParentRunner$2.evaluate(ParentRunner.java:293)
	at org.junit.runners.ParentRunner$3.evaluate(ParentRunner.java:306)
	at org.junit.runners.ParentRunner.run(ParentRunner.java:413)
	at org.junit.runner.JUnitCore.run(JUnitCore.java:137)
	at org.junit.runner.JUnitCore.run(JUnitCore.java:115)
	at org.junit.vintage.engine.execution.RunnerExecutor.execute(RunnerExecutor.java:42)
	at org.junit.vintage.engine.VintageTestEngine.executeAllChildren(VintageTestEngine.java:80)
	at org.junit.vintage.engine.VintageTestEngine.execute(VintageTestEngine.java:72)
	at org.junit.platform.launcher.core.EngineExecutionOrchestrator.execute(EngineExecutionOrchestrator.java:147)
	at org.junit.platform.launcher.core.EngineExecutionOrchestrator.execute(EngineExecutionOrchestrator.java:127)
	at org.junit.platform.launcher.core.EngineExecutionOrchestrator.execute(EngineExecutionOrchestrator.java:90)
	at org.junit.platform.launcher.core.EngineExecutionOrchestrator.lambda$execute$0(EngineExecutionOrchestrator.java:55)
	at org.junit.platform.launcher.core.EngineExecutionOrchestrator.withInterceptedStreams(EngineExecutionOrchestrator.java:102)
	at org.junit.platform.launcher.core.EngineExecutionOrchestrator.execute(EngineExecutionOrchestrator.java:54)
	at org.junit.platform.launcher.core.DefaultLauncher.execute(DefaultLauncher.java:114)
	at org.junit.platform.launcher.core.DefaultLauncher.execute(DefaultLauncher.java:86)
	at org.junit.platform.launcher.core.DefaultLauncherSession$DelegatingLauncher.execute(DefaultLauncherSession.java:86)
	at org.apache.maven.surefire.junitplatform.LazyLauncher.execute(LazyLauncher.java:55)
	at org.apache.maven.surefire.junitplatform.JUnitPlatformProvider.execute(JUnitPlatformProvider.java:223)
	at org.apache.maven.surefire.junitplatform.JUnitPlatformProvider.invokeAllTests(JUnitPlatformProvider.java:175)
	at org.apache.maven.surefire.junitplatform.JUnitPlatformProvider.invoke(JUnitPlatformProvider.java:139)
	at org.apache.maven.surefire.booter.ForkedBooter.runSuitesInProcess(ForkedBooter.java:456)
	at org.apache.maven.surefire.booter.ForkedBooter.execute(ForkedBooter.java:169)
	at org.apache.maven.surefire.booter.ForkedBooter.run(ForkedBooter.java:595)
	at org.apache.maven.surefire.booter.ForkedBooter.main(ForkedBooter.java:581)
</pre></div></div></td>
<td align="left"></td></tr></table></section><section>
<h3><a name="AddNewBusinessSpdaIT"></a>AddNewBusinessSpdaIT</h3><a name="com.vaadin.testbenchexample.AddNewBusinessSpdaIT"></a>
<table border="1" class="bodyTable">
<tr class="a">
<td align="left"><a href="#com.vaadin.testbenchexample.AddNewBusinessSpdaIT.addNewBusinessMaster"><figure><img src="images/icon_error_sml.gif" alt="" /></figure></a></td>
<td align="left"><a name="TC_com.vaadin.testbenchexample.AddNewBusinessSpdaIT.addNewBusinessMaster"></a><a href="#com.vaadin.testbenchexample.AddNewBusinessSpdaIT.addNewBusinessMaster">addNewBusinessMaster</a>
<div class="detailToggle" style="display:inline"><a href="javascript:toggleDisplay('com.vaadin.testbenchexample.AddNewBusinessSpdaIT.addNewBusinessMaster');"><span style="display:inline;" id="com.vaadin.testbenchexample.AddNewBusinessSpdaIT.addNewBusinessMaster-off"> + </span><span style="display:none;" id="com.vaadin.testbenchexample.AddNewBusinessSpdaIT.addNewBusinessMaster-on"> - </span>[ Detail ]</a></div></td>
<td align="left">19.098</td></tr>
<tr class="b">
<td align="left"></td>
<td align="left">No element with tag &lt;NAVI-MENU&gt; found using index 0
For documentation on this error, please visit: https://www.selenium.dev/documentation/webdriver/troubleshooting/errors#no-such-element-exception
Build info: version: '4.18.0', revision: 'b6bf9de7cc*'
System info: os.name: 'Windows 11', os.arch: 'amd64', os.version: '10.0', java.version: '17.0.10'
Driver info: driver.version: unknown</td>
<td align="left"></td></tr>
<tr class="a">
<td align="left"></td>
<td align="left">
<div id="com.vaadin.testbenchexample.AddNewBusinessSpdaIT.addNewBusinessMaster-error" style="display:none;">
<div>
<pre>org.openqa.selenium.NoSuchElementException: 
No element with tag &lt;NAVI-MENU&gt; found using index 0
For documentation on this error, please visit: https://www.selenium.dev/documentation/webdriver/troubleshooting/errors#no-such-element-exception
Build info: version: '4.18.0', revision: 'b6bf9de7cc*'
System info: os.name: 'Windows 11', os.arch: 'amd64', os.version: '10.0', java.version: '17.0.10'
Driver info: driver.version: unknown
	at com.vaadin.testbench.ElementQuery.get(ElementQuery.java:324)
	at com.vaadin.testbench.ElementQuery.first(ElementQuery.java:244)
	at com.vaadin.testbenchexample.AddNewBusinessSpdaIT.addNewBusinessMaster(AddNewBusinessSpdaIT.java:372)
	at java.base/jdk.internal.reflect.NativeMethodAccessorImpl.invoke0(Native Method)
	at java.base/jdk.internal.reflect.NativeMethodAccessorImpl.invoke(NativeMethodAccessorImpl.java:77)
	at java.base/jdk.internal.reflect.DelegatingMethodAccessorImpl.invoke(DelegatingMethodAccessorImpl.java:43)
	at java.base/java.lang.reflect.Method.invoke(Method.java:568)
	at org.junit.runners.model.FrameworkMethod$1.runReflectiveCall(FrameworkMethod.java:59)
	at org.junit.internal.runners.model.ReflectiveCallable.run(ReflectiveCallable.java:12)
	at org.junit.runners.model.FrameworkMethod.invokeExplosively(FrameworkMethod.java:56)
	at org.junit.internal.runners.statements.InvokeMethod.evaluate(InvokeMethod.java:17)
	at org.junit.internal.runners.statements.RunBefores.evaluate(RunBefores.java:26)
	at org.junit.internal.runners.statements.RunAfters.evaluate(RunAfters.java:27)
	at org.junit.runners.ParentRunner$3.evaluate(ParentRunner.java:306)
	at org.junit.runners.BlockJUnit4ClassRunner$1.evaluate(BlockJUnit4ClassRunner.java:100)
	at org.junit.runners.ParentRunner.runLeaf(ParentRunner.java:366)
	at org.junit.runners.BlockJUnit4ClassRunner.runChild(BlockJUnit4ClassRunner.java:103)
	at org.junit.runners.BlockJUnit4ClassRunner.runChild(BlockJUnit4ClassRunner.java:63)
	at org.junit.runners.ParentRunner$4.run(ParentRunner.java:331)
	at org.junit.runners.ParentRunner$1.schedule(ParentRunner.java:79)
	at org.junit.runners.ParentRunner.runChildren(ParentRunner.java:329)
	at org.junit.runners.ParentRunner.access$100(ParentRunner.java:66)
	at org.junit.runners.ParentRunner$2.evaluate(ParentRunner.java:293)
	at org.junit.runners.ParentRunner$3.evaluate(ParentRunner.java:306)
	at org.junit.runners.ParentRunner.run(ParentRunner.java:413)
	at org.junit.runner.JUnitCore.run(JUnitCore.java:137)
	at org.junit.runner.JUnitCore.run(JUnitCore.java:115)
	at org.junit.vintage.engine.execution.RunnerExecutor.execute(RunnerExecutor.java:42)
	at org.junit.vintage.engine.VintageTestEngine.executeAllChildren(VintageTestEngine.java:80)
	at org.junit.vintage.engine.VintageTestEngine.execute(VintageTestEngine.java:72)
	at org.junit.platform.launcher.core.EngineExecutionOrchestrator.execute(EngineExecutionOrchestrator.java:147)
	at org.junit.platform.launcher.core.EngineExecutionOrchestrator.execute(EngineExecutionOrchestrator.java:127)
	at org.junit.platform.launcher.core.EngineExecutionOrchestrator.execute(EngineExecutionOrchestrator.java:90)
	at org.junit.platform.launcher.core.EngineExecutionOrchestrator.lambda$execute$0(EngineExecutionOrchestrator.java:55)
	at org.junit.platform.launcher.core.EngineExecutionOrchestrator.withInterceptedStreams(EngineExecutionOrchestrator.java:102)
	at org.junit.platform.launcher.core.EngineExecutionOrchestrator.execute(EngineExecutionOrchestrator.java:54)
	at org.junit.platform.launcher.core.DefaultLauncher.execute(DefaultLauncher.java:114)
	at org.junit.platform.launcher.core.DefaultLauncher.execute(DefaultLauncher.java:86)
	at org.junit.platform.launcher.core.DefaultLauncherSession$DelegatingLauncher.execute(DefaultLauncherSession.java:86)
	at org.apache.maven.surefire.junitplatform.LazyLauncher.execute(LazyLauncher.java:55)
	at org.apache.maven.surefire.junitplatform.JUnitPlatformProvider.execute(JUnitPlatformProvider.java:223)
	at org.apache.maven.surefire.junitplatform.JUnitPlatformProvider.invokeAllTests(JUnitPlatformProvider.java:175)
	at org.apache.maven.surefire.junitplatform.JUnitPlatformProvider.invoke(JUnitPlatformProvider.java:139)
	at org.apache.maven.surefire.booter.ForkedBooter.runSuitesInProcess(ForkedBooter.java:456)
	at org.apache.maven.surefire.booter.ForkedBooter.execute(ForkedBooter.java:169)
	at org.apache.maven.surefire.booter.ForkedBooter.run(ForkedBooter.java:595)
	at org.apache.maven.surefire.booter.ForkedBooter.main(ForkedBooter.java:581)
</pre></div></div></td>
<td align="left"></td></tr></table></section><section>
<h3><a name="AddNewBusinessSpiaIT"></a>AddNewBusinessSpiaIT</h3><a name="com.vaadin.testbenchexample.AddNewBusinessSpiaIT"></a>
<table border="1" class="bodyTable">
<tr class="a">
<td align="left"><a href="#com.vaadin.testbenchexample.AddNewBusinessSpiaIT.addNewBusinessMaster"><figure><img src="images/icon_error_sml.gif" alt="" /></figure></a></td>
<td align="left"><a name="TC_com.vaadin.testbenchexample.AddNewBusinessSpiaIT.addNewBusinessMaster"></a><a href="#com.vaadin.testbenchexample.AddNewBusinessSpiaIT.addNewBusinessMaster">addNewBusinessMaster</a>
<div class="detailToggle" style="display:inline"><a href="javascript:toggleDisplay('com.vaadin.testbenchexample.AddNewBusinessSpiaIT.addNewBusinessMaster');"><span style="display:inline;" id="com.vaadin.testbenchexample.AddNewBusinessSpiaIT.addNewBusinessMaster-off"> + </span><span style="display:none;" id="com.vaadin.testbenchexample.AddNewBusinessSpiaIT.addNewBusinessMaster-on"> - </span>[ Detail ]</a></div></td>
<td align="left">24.38</td></tr>
<tr class="b">
<td align="left"></td>
<td align="left">stale element reference: stale element not found in the current frame
  (Session info: chrome=141.0.7390.123)
For documentation on this error, please visit: https://www.selenium.dev/documentation/webdriver/troubleshooting/errors#stale-element-reference-exception
Build info: version: '4.18.0', revision: 'b6bf9de7cc*'
System info: os.name: 'Windows 11', os.arch: 'amd64', os.version: '10.0', java.version: '17.0.10'
Driver info: org.openqa.selenium.chrome.ChromeDriver
Command: [fd9b5e3c8654bcd6713b42b1da876cfd, executeScript {script=var result = [];if (arguments[0].shadowRoot) {  var shadow = arguments[0].shadowRoot.querySelectorAll(arguments[1]+arguments[2]);  result = result.concat(Array.prototype.slice.call(shadow));}var light = arguments[0].querySelectorAll(arguments[1]+arguments[2]);result = result.concat(Array.prototype.slice.call(light));return result[0], args=[{element-6066-11e4-a52e-4f735466cecf=f.66963372AFE999E80F4B936ED3670CB3.d.8EDDB2A7156D83382C53EC314B3E6E8F.e.359}, *, [id='viewContent']]}]
Capabilities {acceptInsecureCerts: false, browserName: chrome, browserVersion: 141.0.7390.123, chrome: {chromedriverVersion: 141.0.7390.122 (b477534e7e1..., userDataDir: C:\Users\MARIIA~1\AppData\L...}, fedcm:accounts: true, goog:chromeOptions: {debuggerAddress: localhost:58052}, networkConnectionEnabled: false, pageLoadStrategy: normal, platformName: windows, proxy: Proxy(), se:cdp: ws://localhost:58052/devtoo..., se:cdpVersion: 141.0.7390.123, setWindowRect: true, strictFileInteractability: false, timeouts: {implicit: 0, pageLoad: 300000, script: 30000}, unhandledPromptBehavior: dismiss and notify, webauthn:extension:credBlob: true, webauthn:extension:largeBlob: true, webauthn:extension:minPinLength: true, webauthn:extension:prf: true, webauthn:virtualAuthenticators: true}
Session ID: fd9b5e3c8654bcd6713b42b1da876cfd</td>
<td align="left"></td></tr>
<tr class="a">
<td align="left"></td>
<td align="left">
<div id="com.vaadin.testbenchexample.AddNewBusinessSpiaIT.addNewBusinessMaster-error" style="display:none;">
<div>
<pre>org.openqa.selenium.StaleElementReferenceException: 
stale element reference: stale element not found in the current frame
  (Session info: chrome=141.0.7390.123)
For documentation on this error, please visit: https://www.selenium.dev/documentation/webdriver/troubleshooting/errors#stale-element-reference-exception
Build info: version: '4.18.0', revision: 'b6bf9de7cc*'
System info: os.name: 'Windows 11', os.arch: 'amd64', os.version: '10.0', java.version: '17.0.10'
Driver info: org.openqa.selenium.chrome.ChromeDriver
Command: [fd9b5e3c8654bcd6713b42b1da876cfd, executeScript {script=var result = [];if (arguments[0].shadowRoot) {  var shadow = arguments[0].shadowRoot.querySelectorAll(arguments[1]+arguments[2]);  result = result.concat(Array.prototype.slice.call(shadow));}var light = arguments[0].querySelectorAll(arguments[1]+arguments[2]);result = result.concat(Array.prototype.slice.call(light));return result[0], args=[{element-6066-11e4-a52e-4f735466cecf=f.66963372AFE999E80F4B936ED3670CB3.d.8EDDB2A7156D83382C53EC314B3E6E8F.e.359}, *, [id='viewContent']]}]
Capabilities {acceptInsecureCerts: false, browserName: chrome, browserVersion: 141.0.7390.123, chrome: {chromedriverVersion: 141.0.7390.122 (b477534e7e1..., userDataDir: C:\Users\MARIIA~1\AppData\L...}, fedcm:accounts: true, goog:chromeOptions: {debuggerAddress: localhost:58052}, networkConnectionEnabled: false, pageLoadStrategy: normal, platformName: windows, proxy: Proxy(), se:cdp: ws://localhost:58052/devtoo..., se:cdpVersion: 141.0.7390.123, setWindowRect: true, strictFileInteractability: false, timeouts: {implicit: 0, pageLoad: 300000, script: 30000}, unhandledPromptBehavior: dismiss and notify, webauthn:extension:credBlob: true, webauthn:extension:largeBlob: true, webauthn:extension:minPinLength: true, webauthn:extension:prf: true, webauthn:virtualAuthenticators: true}
Session ID: fd9b5e3c8654bcd6713b42b1da876cfd
	at java.base/jdk.internal.reflect.NativeConstructorAccessorImpl.newInstance0(Native Method)
	at java.base/jdk.internal.reflect.NativeConstructorAccessorImpl.newInstance(NativeConstructorAccessorImpl.java:77)
	at java.base/jdk.internal.reflect.DelegatingConstructorAccessorImpl.newInstance(DelegatingConstructorAccessorImpl.java:45)
	at java.base/java.lang.reflect.Constructor.newInstanceWithCaller(Constructor.java:499)
	at java.base/java.lang.reflect.Constructor.newInstance(Constructor.java:480)
	at org.openqa.selenium.remote.ErrorCodec.decode(ErrorCodec.java:167)
	at org.openqa.selenium.remote.codec.w3c.W3CHttpResponseCodec.decode(W3CHttpResponseCodec.java:138)
	at org.openqa.selenium.remote.codec.w3c.W3CHttpResponseCodec.decode(W3CHttpResponseCodec.java:50)
	at org.openqa.selenium.remote.HttpCommandExecutor.execute(HttpCommandExecutor.java:190)
	at org.openqa.selenium.remote.service.DriverCommandExecutor.invokeExecute(DriverCommandExecutor.java:216)
	at org.openqa.selenium.remote.service.DriverCommandExecutor.execute(DriverCommandExecutor.java:174)
	at org.openqa.selenium.remote.RemoteWebDriver.execute(RemoteWebDriver.java:519)
	at org.openqa.selenium.remote.RemoteWebDriver.executeScript(RemoteWebDriver.java:464)
	at com.vaadin.testbench.TestBenchDriverProxy.executeScript(TestBenchDriverProxy.java:185)
	at com.vaadin.testbench.TestBenchDriverProxy_$$_jvst8d3_0._d9executeScript(TestBenchDriverProxy_$$_jvst8d3_0.java)
	at jdk.internal.reflect.GeneratedMethodAccessor7.invoke(Unknown Source)
	at java.base/jdk.internal.reflect.DelegatingMethodAccessorImpl.invoke(DelegatingMethodAccessorImpl.java:43)
	at java.base/java.lang.reflect.Method.invoke(Method.java:568)
	at com.vaadin.testbench.DriverInvocationHandler.invoke(DriverInvocationHandler.java:47)
	at com.vaadin.testbench.TestBenchDriverProxy_$$_jvst8d3_0.executeScript(TestBenchDriverProxy_$$_jvst8d3_0.java)
	at com.vaadin.testbench.ElementQuery.executeSearchScript(ElementQuery.java:502)
	at com.vaadin.testbench.ElementQuery.executeSearch(ElementQuery.java:413)
	at com.vaadin.testbench.ElementQuery.get(ElementQuery.java:322)
	at com.vaadin.testbench.ElementQuery.first(ElementQuery.java:244)
	at com.vaadin.testbench.ElementQuery.id(ElementQuery.java:151)
	at com.vaadin.testbenchexample.IllustrationView.paymentStartDate(IllustrationView.java:78)
	at com.vaadin.testbenchexample.IllustrationView_$$_jvst8d3_17._d73paymentStartDate(IllustrationView_$$_jvst8d3_17.java)
	at java.base/jdk.internal.reflect.NativeMethodAccessorImpl.invoke0(Native Method)
	at java.base/jdk.internal.reflect.NativeMethodAccessorImpl.invoke(NativeMethodAccessorImpl.java:77)
	at java.base/jdk.internal.reflect.DelegatingMethodAccessorImpl.invoke(DelegatingMethodAccessorImpl.java:43)
	at java.base/java.lang.reflect.Method.invoke(Method.java:568)
	at com.vaadin.testbench.TestBench$ElementInvocationHandler.invoke(TestBench.java:83)
	at com.vaadin.testbenchexample.IllustrationView_$$_jvst8d3_17.paymentStartDate(IllustrationView_$$_jvst8d3_17.java)
	at com.vaadin.testbenchexample.AddNewBusinessSpiaIT.addNewBusinessMaster(AddNewBusinessSpiaIT.java:383)
	at java.base/jdk.internal.reflect.NativeMethodAccessorImpl.invoke0(Native Method)
	at java.base/jdk.internal.reflect.NativeMethodAccessorImpl.invoke(NativeMethodAccessorImpl.java:77)
	at java.base/jdk.internal.reflect.DelegatingMethodAccessorImpl.invoke(DelegatingMethodAccessorImpl.java:43)
	at java.base/java.lang.reflect.Method.invoke(Method.java:568)
	at org.junit.runners.model.FrameworkMethod$1.runReflectiveCall(FrameworkMethod.java:59)
	at org.junit.internal.runners.model.ReflectiveCallable.run(ReflectiveCallable.java:12)
	at org.junit.runners.model.FrameworkMethod.invokeExplosively(FrameworkMethod.java:56)
	at org.junit.internal.runners.statements.InvokeMethod.evaluate(InvokeMethod.java:17)
	at org.junit.internal.runners.statements.RunBefores.evaluate(RunBefores.java:26)
	at org.junit.internal.runners.statements.RunAfters.evaluate(RunAfters.java:27)
	at org.junit.runners.ParentRunner$3.evaluate(ParentRunner.java:306)
	at org.junit.runners.BlockJUnit4ClassRunner$1.evaluate(BlockJUnit4ClassRunner.java:100)
	at org.junit.runners.ParentRunner.runLeaf(ParentRunner.java:366)
	at org.junit.runners.BlockJUnit4ClassRunner.runChild(BlockJUnit4ClassRunner.java:103)
	at org.junit.runners.BlockJUnit4ClassRunner.runChild(BlockJUnit4ClassRunner.java:63)
	at org.junit.runners.ParentRunner$4.run(ParentRunner.java:331)
	at org.junit.runners.ParentRunner$1.schedule(ParentRunner.java:79)
	at org.junit.runners.ParentRunner.runChildren(ParentRunner.java:329)
	at org.junit.runners.ParentRunner.access$100(ParentRunner.java:66)
	at org.junit.runners.ParentRunner$2.evaluate(ParentRunner.java:293)
	at org.junit.runners.ParentRunner$3.evaluate(ParentRunner.java:306)
	at org.junit.runners.ParentRunner.run(ParentRunner.java:413)
	at org.junit.runner.JUnitCore.run(JUnitCore.java:137)
	at org.junit.runner.JUnitCore.run(JUnitCore.java:115)
	at org.junit.vintage.engine.execution.RunnerExecutor.execute(RunnerExecutor.java:42)
	at org.junit.vintage.engine.VintageTestEngine.executeAllChildren(VintageTestEngine.java:80)
	at org.junit.vintage.engine.VintageTestEngine.execute(VintageTestEngine.java:72)
	at org.junit.platform.launcher.core.EngineExecutionOrchestrator.execute(EngineExecutionOrchestrator.java:147)
	at org.junit.platform.launcher.core.EngineExecutionOrchestrator.execute(EngineExecutionOrchestrator.java:127)
	at org.junit.platform.launcher.core.EngineExecutionOrchestrator.execute(EngineExecutionOrchestrator.java:90)
	at org.junit.platform.launcher.core.EngineExecutionOrchestrator.lambda$execute$0(EngineExecutionOrchestrator.java:55)
	at org.junit.platform.launcher.core.EngineExecutionOrchestrator.withInterceptedStreams(EngineExecutionOrchestrator.java:102)
	at org.junit.platform.launcher.core.EngineExecutionOrchestrator.execute(EngineExecutionOrchestrator.java:54)
	at org.junit.platform.launcher.core.DefaultLauncher.execute(DefaultLauncher.java:114)
	at org.junit.platform.launcher.core.DefaultLauncher.execute(DefaultLauncher.java:86)
	at org.junit.platform.launcher.core.DefaultLauncherSession$DelegatingLauncher.execute(DefaultLauncherSession.java:86)
	at org.apache.maven.surefire.junitplatform.LazyLauncher.execute(LazyLauncher.java:55)
	at org.apache.maven.surefire.junitplatform.JUnitPlatformProvider.execute(JUnitPlatformProvider.java:223)
	at org.apache.maven.surefire.junitplatform.JUnitPlatformProvider.invokeAllTests(JUnitPlatformProvider.java:175)
	at org.apache.maven.surefire.junitplatform.JUnitPlatformProvider.invoke(JUnitPlatformProvider.java:139)
	at org.apache.maven.surefire.booter.ForkedBooter.runSuitesInProcess(ForkedBooter.java:456)
	at org.apache.maven.surefire.booter.ForkedBooter.execute(ForkedBooter.java:169)
	at org.apache.maven.surefire.booter.ForkedBooter.run(ForkedBooter.java:595)
	at org.apache.maven.surefire.booter.ForkedBooter.main(ForkedBooter.java:581)
</pre></div></div></td>
<td align="left"></td></tr></table></section><section>
<h3><a name="PolicyBillIT"></a>PolicyBillIT</h3><a name="com.vaadin.testbenchexample.PolicyBillIT"></a>
<table border="1" class="bodyTable">
<tr class="a">
<td align="left"><figure><img src="images/icon_success_sml.gif" alt="" /></figure></td>
<td align="left"><a name="TC_com.vaadin.testbenchexample.PolicyBillIT.payPAC"></a>payPAC</td>
<td align="left">23.866</td></tr>
<tr class="b">
<td align="left"><figure><img src="images/icon_success_sml.gif" alt="" /></figure></td>
<td align="left"><a name="TC_com.vaadin.testbenchexample.PolicyBillIT.payDirectBill"></a>payDirectBill</td>
<td align="left">26.414</td></tr></table></section><section>
<h3><a name="WholeLifeIT"></a>WholeLifeIT</h3><a name="com.vaadin.testbenchexample.WholeLifeIT"></a>
<table border="1" class="bodyTable">
<tr class="a">
<td align="left"><figure><img src="images/icon_success_sml.gif" alt="" /></figure></td>
<td align="left"><a name="TC_com.vaadin.testbenchexample.WholeLifeIT.addRider"></a>addRider</td>
<td align="left">25.366</td></tr></table></section><br /></section><section>
<h2><a name="Failure_Details"></a>Failure Details</h2><a name="Failure_Details"></a>
<p>[<a href="#Summary">Summary</a>] [<a href="#Package_List">Package List</a>] [<a href="#Test_Cases">Test Cases</a>]</p><br />
<table border="1" class="bodyTable">
<tr class="a">
<td align="left"><figure><img src="images/icon_error_sml.gif" alt="" /></figure></td>
<td align="left"><a name="com.vaadin.testbenchexample.AddFamilyIT.leftMenuTest"></a>leftMenuTest</td></tr>
<tr class="b">
<td align="left"></td>
<td align="left">org.openqa.selenium.NoSuchElementException: No element with tag &lt;scenario-view&gt; found using index 0
For documentation on this error, please visit: https://www.selenium.dev/documentation/webdriver/troubleshooting/errors#no-such-element-exception
Build info: version: '4.18.0', revision: 'b6bf9de7cc*'
System info: os.name: 'Windows 11', os.arch: 'amd64', os.version: '10.0', java.version: '17.0.10'
Driver info: driver.version: unknown</td></tr>
<tr class="a">
<td align="left"></td>
<td align="left">
<div id="leftMenuTest-error">com.vaadin.testbenchexample.AddFamilyIT:418</div></td></tr>
<tr class="b">
<td align="left"><figure><img src="images/icon_error_sml.gif" alt="" /></figure></td>
<td align="left"><a name="com.vaadin.testbenchexample.AddNewBusinessFpraIT.addNewBusinessMaster"></a>addNewBusinessMaster</td></tr>
<tr class="a">
<td align="left"></td>
<td align="left">org.openqa.selenium.NoSuchElementException: No element with tag &lt;application-view&gt; found using index 0
For documentation on this error, please visit: https://www.selenium.dev/documentation/webdriver/troubleshooting/errors#no-such-element-exception
Build info: version: '4.18.0', revision: 'b6bf9de7cc*'
System info: os.name: 'Windows 11', os.arch: 'amd64', os.version: '10.0', java.version: '17.0.10'
Driver info: driver.version: unknown</td></tr>
<tr class="b">
<td align="left"></td>
<td align="left">
<div id="addNewBusinessMaster-error">com.vaadin.testbenchexample.AddNewBusinessFpraIT:359</div></td></tr>
<tr class="a">
<td align="left"><figure><img src="images/icon_error_sml.gif" alt="" /></figure></td>
<td align="left"><a name="com.vaadin.testbenchexample.AddNewBusinessSpdaIT.addNewBusinessMaster"></a>addNewBusinessMaster</td></tr>
<tr class="b">
<td align="left"></td>
<td align="left">org.openqa.selenium.NoSuchElementException: No element with tag &lt;NAVI-MENU&gt; found using index 0
For documentation on this error, please visit: https://www.selenium.dev/documentation/webdriver/troubleshooting/errors#no-such-element-exception
Build info: version: '4.18.0', revision: 'b6bf9de7cc*'
System info: os.name: 'Windows 11', os.arch: 'amd64', os.version: '10.0', java.version: '17.0.10'
Driver info: driver.version: unknown</td></tr>
<tr class="a">
<td align="left"></td>
<td align="left">
<div id="addNewBusinessMaster-error">com.vaadin.testbenchexample.AddNewBusinessSpdaIT:372</div></td></tr>
<tr class="b">
<td align="left"><figure><img src="images/icon_error_sml.gif" alt="" /></figure></td>
<td align="left"><a name="com.vaadin.testbenchexample.AddNewBusinessSpiaIT.addNewBusinessMaster"></a>addNewBusinessMaster</td></tr>
<tr class="a">
<td align="left"></td>
<td align="left">org.openqa.selenium.StaleElementReferenceException: stale element reference: stale element not found in the current frame
  (Session info: chrome=141.0.7390.123)
For documentation on this error, please visit: https://www.selenium.dev/documentation/webdriver/troubleshooting/errors#stale-element-reference-exception
Build info: version: '4.18.0', revision: 'b6bf9de7cc*'
System info: os.name: 'Windows 11', os.arch: 'amd64', os.version: '10.0', java.version: '17.0.10'
Driver info: org.openqa.selenium.chrome.ChromeDriver
Command: [fd9b5e3c8654bcd6713b42b1da876cfd, executeScript {script=var result = [];if (arguments[0].shadowRoot) {  var shadow = arguments[0].shadowRoot.querySelectorAll(arguments[1]+arguments[2]);  result = result.concat(Array.prototype.slice.call(shadow));}var light = arguments[0].querySelectorAll(arguments[1]+arguments[2]);result = result.concat(Array.prototype.slice.call(light));return result[0], args=[{element-6066-11e4-a52e-4f735466cecf=f.66963372AFE999E80F4B936ED3670CB3.d.8EDDB2A7156D83382C53EC314B3E6E8F.e.359}, *, [id='viewContent']]}]
Capabilities {acceptInsecureCerts: false, browserName: chrome, browserVersion: 141.0.7390.123, chrome: {chromedriverVersion: 141.0.7390.122 (b477534e7e1..., userDataDir: C:\Users\MARIIA~1\AppData\L...}, fedcm:accounts: true, goog:chromeOptions: {debuggerAddress: localhost:58052}, networkConnectionEnabled: false, pageLoadStrategy: normal, platformName: windows, proxy: Proxy(), se:cdp: ws://localhost:58052/devtoo..., se:cdpVersion: 141.0.7390.123, setWindowRect: true, strictFileInteractability: false, timeouts: {implicit: 0, pageLoad: 300000, script: 30000}, unhandledPromptBehavior: dismiss and notify, webauthn:extension:credBlob: true, webauthn:extension:largeBlob: true, webauthn:extension:minPinLength: true, webauthn:extension:prf: true, webauthn:virtualAuthenticators: true}
Session ID: fd9b5e3c8654bcd6713b42b1da876cfd</td></tr>
<tr class="b">
<td align="left"></td>
<td align="left">
<div id="addNewBusinessMaster-error">com.vaadin.testbenchexample.AddNewBusinessSpiaIT:383</div></td></tr></table><br /></section>
      </div>
    </div>
    <div class="clear">
      <hr/>
    </div>
    <div id="footer">
      <div class="xright">
        Copyright &#169;      2025..      </div>
      <div class="clear">
        <hr/>
      </div>
    </div>
  </body>
</html>
